Flutter crash report.
Please report a bug at https://github.com/flutter/flutter/issues.

## command

flutter assemble --no-version-check --output=/Users/istiaqabdullah/rare-build-hackathon/build/ios/Debug-iphonesimulator/ -dTargetPlatform=ios -dTargetFile=lib/main.dart -dBuildMode=debug -dConfiguration=Debug -dIosArchs= -dSdkRoot= -dSplitDebugInfo= -dTreeShakeIcons= -dTrackWidgetCreation= -dDartObfuscation= -dAction=build -dFrontendServerStarterPath= --ExtraGenSnapshotOptions= --DartDefines= --ExtraFrontEndOptions= -dSrcRoot=/Users/istiaqabdullah/rare-build-hackathon/ios -dXcodeBuildScript=build -dTargetDeviceOSVersion= debug_ios_bundle_flutter_assets

## exception

_TypeError: Null check operator used on a null value

```
#0      IOSAssetTarget._getIOSConfig (package:flutter_tools/src/isolated/native_assets/targets.dart:315:95)
#1      IOSAssetTarget.extensions (package:flutter_tools/src/isolated/native_assets/targets.dart:327:16)
#2      _runDartHooks (package:flutter_tools/src/isolated/native_assets/native_assets.dart:556:27)
#3      runFlutterSpecificHooks (package:flutter_tools/src/isolated/native_assets/native_assets.dart:107:10)
<asynchronous suspension>
#4      DartBuild.build (package:flutter_tools/src/build_system/targets/native_assets.dart:56:14)
<asynchronous suspension>
#5      _BuildInstance._invokeInternal (package:flutter_tools/src/build_system/build_system.dart:937:9)
<asynchronous suspension>
#6      Future.wait.<anonymous closure> (dart:async/future.dart:546:21)
<asynchronous suspension>
#7      _BuildInstance.invokeTarget (package:flutter_tools/src/build_system/build_system.dart:875:32)
<asynchronous suspension>
#8      FlutterBuildSystem.build (package:flutter_tools/src/build_system/build_system.dart:684:16)
<asynchronous suspension>
#9      AssembleCommand.runCommand (package:flutter_tools/src/commands/assemble.dart:369:32)
<asynchronous suspension>
#10     FlutterCommand.run.<anonymous closure> (package:flutter_tools/src/runner/flutter_command.dart:1630:27)
<asynchronous suspension>
#11     AppContext.run.<anonymous closure> (package:flutter_tools/src/base/context.dart:154:19)
<asynchronous suspension>
#12     CommandRunner.runCommand (package:args/command_runner.dart:212:13)
<asynchronous suspension>
#13     FlutterCommandRunner.runCommand.<anonymous closure> (package:flutter_tools/src/runner/flutter_command_runner.dart:496:9)
<asynchronous suspension>
#14     AppContext.run.<anonymous closure> (package:flutter_tools/src/base/context.dart:154:19)
<asynchronous suspension>
#15     FlutterCommandRunner.runCommand (package:flutter_tools/src/runner/flutter_command_runner.dart:431:5)
<asynchronous suspension>
#16     FlutterCommandRunner.run.<anonymous closure> (package:flutter_tools/src/runner/flutter_command_runner.dart:307:33)
<asynchronous suspension>
#17     run.<anonymous closure>.<anonymous closure> (package:flutter_tools/runner.dart:104:11)
<asynchronous suspension>
#18     AppContext.run.<anonymous closure> (package:flutter_tools/src/base/context.dart:154:19)
<asynchronous suspension>
#19     main (package:flutter_tools/executable.dart:103:3)
<asynchronous suspension>
```

## flutter doctor

```
[✓] Flutter (Channel stable, 3.44.6, on macOS 26.5 25F71 darwin-arm64, locale en-GB) [151ms]
    • Flutter version 3.44.6 on channel stable at /opt/homebrew/share/flutter
    • Upstream repository https://github.com/flutter/flutter.git
    • Framework revision ee80f08bbf (3 days ago), 2026-07-08 15:02:06 -0700
    • Engine revision 83675ed276
    • Dart version 3.12.2
    • DevTools version 2.57.0
    • Feature flags: enable-web, enable-linux-desktop, enable-macos-desktop, enable-windows-desktop, enable-android, enable-ios, cli-animations, enable-native-assets, no-enable-swift-package-manager, omit-legacy-version-file, enable-lldb-debugging, enable-uiscene-migration

[✗] Android toolchain - develop for Android devices [120ms]
    ✗ Unable to locate Android SDK.
      Install Android Studio from: https://developer.android.com/studio/index.html
      On first launch it will assist you in installing the Android SDK components.
      (or visit https://flutter.dev/to/macos-android-setup for detailed instructions).
      If the Android SDK has been installed to a custom location, please use
      `flutter config --android-sdk` to update to that location.


[✓] Xcode - develop for iOS and macOS (Xcode 26.6) [625ms]
    • Xcode at /Applications/Xcode.app/Contents/Developer
    • Build 17F113
    • CocoaPods version 1.16.2

[✓] Chrome - develop for the web [4ms]
    • Chrome at /Applications/Google Chrome.app/Contents/MacOS/Google Chrome

[✓] Connected device (2 available) [5.7s]
    • macOS (desktop) • macos  • darwin-arm64   • macOS 26.5 25F71 darwin-arm64
    • Chrome (web)    • chrome • web-javascript • Google Chrome 150.0.7871.102

[✓] Network resources [158ms]
    • All expected network resources are available.

! Doctor found issues in 1 category.
```
